<?xml version="1.0" encoding="UTF-8"?>
<!-- Generated by org.testng.reporters.JUnitReportReporter -->
<testsuite skipped="0" hostname="Jyoti-computer" name="test_Categoary.Test_Second_Validation" tests="1" failures="0" timestamp="2020-08-31T20:28:20 CDT" time="67.329" errors="0">
  <testcase name="browser" time="67.329" classname="test_Categoary.Test_Second_Validation"/>
  <system-out/>
</testsuite> <!-- test_Categoary.Test_Second_Validation -->
