<?xml version="1.0" encoding="UTF-8"?>
<!-- Generated by org.testng.reporters.JUnitReportReporter -->
<testsuite skipped="0" hostname="Jyoti-computer" name="test_Categoary.test" tests="1" failures="0" timestamp="2020-08-31T23:01:37 CDT" time="16.325" errors="0">
  <testcase name="browser" time="16.325" classname="test_Categoary.test"/>
  <system-out/>
</testsuite> <!-- test_Categoary.test -->
