<?xml version="1.0" encoding="UTF-8"?>
<!-- Generated by org.testng.reporters.JUnitReportReporter -->
<testsuite skipped="0" hostname="Jyoti-computer" name="util.First_Test" tests="1" failures="0" timestamp="2020-08-27T19:33:13 CDT" time="6.636" errors="0">
  <testcase name="launch" time="6.636" classname="util.First_Test"/>
  <system-out/>
</testsuite> <!-- util.First_Test -->
