<?xml version="1.0" encoding="UTF-8"?>
<!-- Generated by org.testng.reporters.JUnitReportReporter -->
<testsuite skipped="0" hostname="Jyoti-computer" name="test_Categoary.categoary_test" tests="1" failures="0" timestamp="2020-09-01T16:55:19 CDT" time="6.837" errors="0">
  <testcase name="browser" time="6.837" classname="test_Categoary.categoary_test"/>
  <system-out/>
</testsuite> <!-- test_Categoary.categoary_test -->
